2022.01.14 23:02:54 INFO  tracing is disabled for protocol LSP, to enable tracing of incoming and outgoing JSON messages create an empty file at c:\PersonalProjects\scala\rock-the-jvm-scala-beginners\.metals\lsp.trace.json or C:\Users\CarlosGüemes\AppData\Local\scalameta\metals\cache\lsp.trace.json
2022.01.14 23:02:56 INFO  logging to file C:\PersonalProjects\scala\rock-the-jvm-scala-beginners\.metals\metals.log
2022.01.14 23:02:56 INFO  Started: Metals version 0.11.0 in workspace 'C:\PersonalProjects\scala\rock-the-jvm-scala-beginners' for client Visual Studio Code 1.63.2.
2022.01.14 23:02:56 INFO  Parse release: 1.8.0_311
2022.01.14 23:03:01 INFO  time: initialize in 4.3s
2022.01.14 23:03:01 WARN  Build server is not auto-connectable.
2022.01.14 23:03:01 WARN  no build tool detected in workspace 'C:\PersonalProjects\scala\rock-the-jvm-scala-beginners'. The most common cause for this problem is that the editor was opened in the wrong working directory, for example if you use sbt then the workspace directory should contain build.sbt. 
2022.01.14 23:03:01 WARN  no build target for: C:\PersonalProjects\scala\rock-the-jvm-scala-beginners\src\lectures\part2oop\Generics.scala
2022.01.14 23:03:08 INFO  no build target found for C:\PersonalProjects\scala\rock-the-jvm-scala-beginners\src\lectures\part2oop\Generics.scala. Using presentation compiler with project's scala-library version: 3.1.0
ene 14, 2022 11:03:08 PM org.eclipse.lsp4j.jsonrpc.RemoteEndpoint handleCancellation
WARNING: Unmatched cancel notification for request id 2
ene 14, 2022 11:03:08 PM org.eclipse.lsp4j.jsonrpc.RemoteEndpoint handleCancellation
WARNING: Unmatched cancel notification for request id 3
ene 14, 2022 11:03:08 PM org.eclipse.lsp4j.jsonrpc.RemoteEndpoint handleCancellation
WARNING: Unmatched cancel notification for request id 4
ene 14, 2022 11:03:08 PM org.eclipse.lsp4j.jsonrpc.RemoteEndpoint handleCancellation
WARNING: Unmatched cancel notification for request id 11
ene 14, 2022 11:03:08 PM org.eclipse.lsp4j.jsonrpc.RemoteEndpoint handleCancellation
WARNING: Unmatched cancel notification for request id 15
ene 14, 2022 11:03:08 PM org.eclipse.lsp4j.jsonrpc.RemoteEndpoint handleCancellation
WARNING: Unmatched cancel notification for request id 19
ene 14, 2022 11:03:08 PM org.eclipse.lsp4j.jsonrpc.RemoteEndpoint handleCancellation
WARNING: Unmatched cancel notification for request id 23
ene 14, 2022 11:03:08 PM org.eclipse.lsp4j.jsonrpc.RemoteEndpoint handleCancellation
WARNING: Unmatched cancel notification for request id 27
ene 14, 2022 11:03:08 PM org.eclipse.lsp4j.jsonrpc.RemoteEndpoint handleCancellation
WARNING: Unmatched cancel notification for request id 30
ene 14, 2022 11:03:08 PM org.eclipse.lsp4j.jsonrpc.RemoteEndpoint handleCancellation
WARNING: Unmatched cancel notification for request id 34
ene 14, 2022 11:03:09 PM org.eclipse.lsp4j.jsonrpc.RemoteEndpoint handleCancellation
WARNING: Unmatched cancel notification for request id 38
2022.01.14 23:03:10 INFO  time: code lens generation in 1.66s
2022.01.14 23:03:10 INFO  time: code lens generation in 1.7s
2022.01.14 23:03:10 INFO  time: code lens generation in 1.76s
2022.01.14 23:03:10 INFO  time: code lens generation in 1.78s
2022.01.14 23:03:10 INFO  time: code lens generation in 1.69s
2022.01.14 23:03:10 INFO  time: code lens generation in 1.75s
2022.01.14 23:03:10 INFO  time: code lens generation in 1.71s
2022.01.14 23:03:10 INFO  time: code lens generation in 1.8s
2022.01.14 23:03:10 INFO  time: code lens generation in 1.68s
2022.01.14 23:03:10 INFO  time: code lens generation in 1.83s
2022.01.15 00:06:58 INFO  shutting down Metals
